d:\musicplayer\musicplayer\debug\musicplayer.pch
d:\musicplayer\musicplayer\debug\vc140.pdb
d:\musicplayer\musicplayer\debug\vc140.idb
d:\musicplayer\musicplayer\debug\stdafx.obj
d:\musicplayer\musicplayer\debug\buttonui.obj
d:\musicplayer\musicplayer\debug\musicplayer.obj
d:\musicplayer\musicplayer\debug\musicplayerdlg.obj
d:\musicplayer\debug\musicplayer.ilk
d:\musicplayer\debug\musicplayer.exe
d:\musicplayer\debug\musicplayer.pdb
d:\musicplayer\musicplayer\debug\musicplayer.res
d:\musicplayer\musicplayer\debug\musicplayer.tlog\cl.command.1.tlog
d:\musicplayer\musicplayer\debug\musicplayer.tlog\cl.read.1.tlog
d:\musicplayer\musicplayer\debug\musicplayer.tlog\cl.write.1.tlog
d:\musicplayer\musicplayer\debug\musicplayer.tlog\link.command.1.tlog
d:\musicplayer\musicplayer\debug\musicplayer.tlog\link.read.1.tlog
d:\musicplayer\musicplayer\debug\musicplayer.tlog\link.write.1.tlog
d:\musicplayer\musicplayer\debug\musicplayer.tlog\rc.command.1.tlog
d:\musicplayer\musicplayer\debug\musicplayer.tlog\rc.read.1.tlog
d:\musicplayer\musicplayer\debug\musicplayer.tlog\rc.write.1.tlog
